2025-10-29 15:38:51 [INFO] Question: What is the most popular device type per country?
2025-10-29 15:38:51 [INFO] Running PandasAI with litellm LLM...
2025-10-29 15:38:51 [INFO] Prompt ID: d40afe4f-e6a4-48ef-8ec4-c44861806a90
2025-10-29 15:38:51 [INFO] Generating new code...
2025-10-29 15:38:51 [INFO] Using Prompt: <tables>

<table dialect="duckdb" table_name="table_359ae47edc2130b93b43d6a8a9ad5e3b" columns="[{"name": "user_id", "type": "integer", "description": null, "expression": null, "alias": null}, {"name": "signup_date", "type": "datetime", "description": null, "expression": null, "alias": null}, {"name": "country", "type": "string", "description": null, "expression": null, "alias": null}, {"name": "device_type", "type": "string", "description": null, "expression": null, "alias": null}]" dimensions="1000x4">
user_id,signup_date,country,device_type
1,2024-06-02,Rest,iOS
2,2024-03-20,India,Android
3,2023-09-17,EU,Web
4,2024-02-05,India,iOS
5,2025-06-08,India,Web
</table>


</tables>

The following functions have already been provided. Please use them as needed and do not redefine them.
<function>
def execute_sql_query(sql_query: str) -> pd.DataFrame
    """This method connects to the database, executes the sql query and returns the dataframe"""
</function>



Update this initial code:
```python
# TODO: import the required dependencies
import pandas as pd

# Write code here

# Declare result var: 
type (possible values "string", "number", "dataframe", "plot"). Examples: { "type": "string", "value": f"The highest salary is {highest_salary}." } or { "type": "number", "value": 125 } or { "type": "dataframe", "value": pd.DataFrame({...}) } or { "type": "plot", "value": "temp_chart.png" }

```



### QUERY
 What is the most popular device type per country?

At the end, declare "result" variable as a dictionary of type and value in the following format:

type (possible values "string", "number", "dataframe", "plot"). Examples: { "type": "string", "value": f"The highest salary is {highest_salary}." } or { "type": "number", "value": 125 } or { "type": "dataframe", "value": pd.DataFrame({...}) } or { "type": "plot", "value": "temp_chart.png" }



Generate python code and return full updated code:

### Note: Use only relevant table for query and do aggregation, sorting, joins and grouby through sql query
2025-10-29 15:38:54 [INFO] Code Generated:
# TODO: import the required dependencies
import pandas as pd

sql_query = """
SELECT country, device_type, MAX(device_count) AS max_count FROM (
    SELECT country, device_type, COUNT(*) AS device_count
    FROM table_359ae47edc2130b93b43d6a8a9ad5e3b
    GROUP BY country, device_type
) t
GROUP BY country
ORDER BY country
"""

df = execute_sql_query(sql_query)

result = { "type": "dataframe", "value": df }
2025-10-29 15:38:54 [INFO] Validating code requirements...
2025-10-29 15:38:54 [INFO] Code validation successful.
2025-10-29 15:38:54 [INFO] Cleaning the generated code...
2025-10-29 15:38:54 [INFO] Executing code: import pandas as pd
sql_query = """
SELECT country, device_type, MAX(device_count) AS max_count FROM (
    SELECT country, device_type, COUNT(*) AS device_count
    FROM table_359ae47edc2130b93b43d6a8a9ad5e3b
    GROUP BY country, device_type
) t
GROUP BY country
ORDER BY country
"""
df = execute_sql_query(sql_query)
result = {'type': 'dataframe', 'value': df}
2025-10-29 15:38:55 [INFO] Retrying execution (1/3)...
2025-10-29 15:38:55 [INFO] Execution failed with error: Traceback (most recent call last):
  File "/Users/andresvourakis/Library/Caches/pypoetry/virtualenvs/pandasai-introduction-o9yHhBPq-py3.11/lib/python3.11/site-packages/pandasai/core/code_execution/code_executor.py", line 29, in execute
    exec(code, self._environment)
  File "<string>", line 11, in <module>
  File "/Users/andresvourakis/Library/Caches/pypoetry/virtualenvs/pandasai-introduction-o9yHhBPq-py3.11/lib/python3.11/site-packages/pandasai/agent/base.py", line 167, in _execute_sql_query
    return db_manager.sql(final_query).df()
           ^^^^^^^^^^^^^^^^^^^^^^^^^^^
  File "/Users/andresvourakis/Library/Caches/pypoetry/virtualenvs/pandasai-introduction-o9yHhBPq-py3.11/lib/python3.11/site-packages/pandasai/data_loader/duck_db_connection_manager.py", line 32, in sql
    return self.connection.sql(query, params=params)
           ^^^^^^^^^^^^^^^^^^^^^^^^^^^^^^^^^^^^^^^^^
_duckdb.BinderException: Binder Error: column "device_type" must appear in the GROUP BY clause or must be part of an aggregate function.
Either add it to the GROUP BY list, or use "ANY_VALUE(device_type)" if the exact value of "device_type" is not important.

The above exception was the direct cause of the following exception:

Traceback (most recent call last):
  File "/Users/andresvourakis/Library/Caches/pypoetry/virtualenvs/pandasai-introduction-o9yHhBPq-py3.11/lib/python3.11/site-packages/pandasai/agent/base.py", line 204, in execute_with_retries
    result = self.execute_code(code)
             ^^^^^^^^^^^^^^^^^^^^^^^
  File "/Users/andresvourakis/Library/Caches/pypoetry/virtualenvs/pandasai-introduction-o9yHhBPq-py3.11/lib/python3.11/site-packages/pandasai/agent/base.py", line 135, in execute_code
    return code_executor.execute_and_return_result(code)
           ^^^^^^^^^^^^^^^^^^^^^^^^^^^^^^^^^^^^^^^^^^^^^
  File "/Users/andresvourakis/Library/Caches/pypoetry/virtualenvs/pandasai-introduction-o9yHhBPq-py3.11/lib/python3.11/site-packages/pandasai/core/code_execution/code_executor.py", line 38, in execute_and_return_result
    self.execute(code)
  File "/Users/andresvourakis/Library/Caches/pypoetry/virtualenvs/pandasai-introduction-o9yHhBPq-py3.11/lib/python3.11/site-packages/pandasai/core/code_execution/code_executor.py", line 31, in execute
    raise CodeExecutionError("Code execution failed") from e
pandasai.exceptions.CodeExecutionError: Code execution failed

2025-10-29 15:38:55 [INFO] Using Prompt: <table dialect="duckdb" table_name="table_359ae47edc2130b93b43d6a8a9ad5e3b" columns="[{"name": "user_id", "type": "integer", "description": null, "expression": null, "alias": null}, {"name": "signup_date", "type": "datetime", "description": null, "expression": null, "alias": null}, {"name": "country", "type": "string", "description": null, "expression": null, "alias": null}, {"name": "device_type", "type": "string", "description": null, "expression": null, "alias": null}]" dimensions="1000x4">
user_id,signup_date,country,device_type
1,2024-06-02,Rest,iOS
2,2024-03-20,India,Android
3,2023-09-17,EU,Web
4,2024-02-05,India,iOS
5,2025-06-08,India,Web
</table>


The following functions have already been provided. Please use them as needed and do not redefine them.
<function>
def execute_sql_query(sql_query: str) -> pd.DataFrame
    """This method connects to the database, executes the sql query and returns the dataframe"""
</function>


The user asked the following question:
### QUERY
 What is the most popular device type per country?

You generated the following Python code:
import pandas as pd
sql_query = """
SELECT country, device_type, MAX(device_count) AS max_count FROM (
    SELECT country, device_type, COUNT(*) AS device_count
    FROM table_359ae47edc2130b93b43d6a8a9ad5e3b
    GROUP BY country, device_type
) t
GROUP BY country
ORDER BY country
"""
df = execute_sql_query(sql_query)
result = {'type': 'dataframe', 'value': df}

However, it resulted in the following error:
Traceback (most recent call last):
  File "/Users/andresvourakis/Library/Caches/pypoetry/virtualenvs/pandasai-introduction-o9yHhBPq-py3.11/lib/python3.11/site-packages/pandasai/core/code_execution/code_executor.py", line 29, in execute
    exec(code, self._environment)
  File "<string>", line 11, in <module>
  File "/Users/andresvourakis/Library/Caches/pypoetry/virtualenvs/pandasai-introduction-o9yHhBPq-py3.11/lib/python3.11/site-packages/pandasai/agent/base.py", line 167, in _execute_sql_query
    return db_manager.sql(final_query).df()
           ^^^^^^^^^^^^^^^^^^^^^^^^^^^
  File "/Users/andresvourakis/Library/Caches/pypoetry/virtualenvs/pandasai-introduction-o9yHhBPq-py3.11/lib/python3.11/site-packages/pandasai/data_loader/duck_db_connection_manager.py", line 32, in sql
    return self.connection.sql(query, params=params)
           ^^^^^^^^^^^^^^^^^^^^^^^^^^^^^^^^^^^^^^^^^
_duckdb.BinderException: Binder Error: column "device_type" must appear in the GROUP BY clause or must be part of an aggregate function.
Either add it to the GROUP BY list, or use "ANY_VALUE(device_type)" if the exact value of "device_type" is not important.

The above exception was the direct cause of the following exception:

Traceback (most recent call last):
  File "/Users/andresvourakis/Library/Caches/pypoetry/virtualenvs/pandasai-introduction-o9yHhBPq-py3.11/lib/python3.11/site-packages/pandasai/agent/base.py", line 204, in execute_with_retries
    result = self.execute_code(code)
             ^^^^^^^^^^^^^^^^^^^^^^^
  File "/Users/andresvourakis/Library/Caches/pypoetry/virtualenvs/pandasai-introduction-o9yHhBPq-py3.11/lib/python3.11/site-packages/pandasai/agent/base.py", line 135, in execute_code
    return code_executor.execute_and_return_result(code)
           ^^^^^^^^^^^^^^^^^^^^^^^^^^^^^^^^^^^^^^^^^^^^^
  File "/Users/andresvourakis/Library/Caches/pypoetry/virtualenvs/pandasai-introduction-o9yHhBPq-py3.11/lib/python3.11/site-packages/pandasai/core/code_execution/code_executor.py", line 38, in execute_and_return_result
    self.execute(code)
  File "/Users/andresvourakis/Library/Caches/pypoetry/virtualenvs/pandasai-introduction-o9yHhBPq-py3.11/lib/python3.11/site-packages/pandasai/core/code_execution/code_executor.py", line 31, in execute
    raise CodeExecutionError("Code execution failed") from e
pandasai.exceptions.CodeExecutionError: Code execution failed


Fix the python code above and return the new python code but the code generated should use execute_sql_query function
2025-10-29 15:38:58 [INFO] Code Generated:
import pandas as pd

sql_query = """
WITH device_counts AS (
    SELECT country, device_type, COUNT(*) AS device_count
    FROM table_359ae47edc2130b93b43d6a8a9ad5e3b
    GROUP BY country, device_type
),
max_counts AS (
    SELECT country, MAX(device_count) AS max_count
    FROM device_counts
    GROUP BY country
)
SELECT d.country, d.device_type, d.device_count
FROM device_counts d
JOIN max_counts m ON d.country = m.country AND d.device_count = m.max_count
ORDER BY d.country
"""

df = execute_sql_query(sql_query)
result = {'type': 'dataframe', 'value': df}
2025-10-29 15:38:58 [INFO] Validating code requirements...
2025-10-29 15:38:58 [INFO] Code validation successful.
2025-10-29 15:38:58 [INFO] Cleaning the generated code...
2025-10-29 15:38:59 [INFO] Executing code: import pandas as pd
sql_query = """
WITH device_counts AS (
    SELECT country, device_type, COUNT(*) AS device_count
    FROM table_359ae47edc2130b93b43d6a8a9ad5e3b
    GROUP BY country, device_type
),
max_counts AS (
    SELECT country, MAX(device_count) AS max_count
    FROM device_counts
    GROUP BY country
)
SELECT d.country, d.device_type, d.device_count
FROM device_counts d
JOIN max_counts m ON d.country = m.country AND d.device_count = m.max_count
ORDER BY d.country
"""
df = execute_sql_query(sql_query)
result = {'type': 'dataframe', 'value': df}
2025-10-29 15:38:59 [INFO] Response generated successfully.
2025-10-29 15:38:59 [INFO] Question: Plot a bar chart showing the distribution of users per device type
2025-10-29 15:38:59 [INFO] Running PandasAI with litellm LLM...
2025-10-29 15:38:59 [INFO] Prompt ID: f4f4d7c7-ef1c-499a-b985-1d7460a76676
2025-10-29 15:38:59 [INFO] Generating new code...
2025-10-29 15:38:59 [INFO] Using Prompt: <tables>

<table dialect="duckdb" table_name="table_359ae47edc2130b93b43d6a8a9ad5e3b" columns="[{"name": "user_id", "type": "integer", "description": null, "expression": null, "alias": null}, {"name": "signup_date", "type": "datetime", "description": null, "expression": null, "alias": null}, {"name": "country", "type": "string", "description": null, "expression": null, "alias": null}, {"name": "device_type", "type": "string", "description": null, "expression": null, "alias": null}]" dimensions="1000x4">
user_id,signup_date,country,device_type
1,2024-06-02,Rest,iOS
2,2024-03-20,India,Android
3,2023-09-17,EU,Web
4,2024-02-05,India,iOS
5,2025-06-08,India,Web
</table>


</tables>

The following functions have already been provided. Please use them as needed and do not redefine them.
<function>
def execute_sql_query(sql_query: str) -> pd.DataFrame
    """This method connects to the database, executes the sql query and returns the dataframe"""
</function>



Last code generated:
import pandas as pd
sql_query = """
WITH device_counts AS (
    SELECT country, device_type, COUNT(*) AS device_count
    FROM table_359ae47edc2130b93b43d6a8a9ad5e3b
    GROUP BY country, device_type
),
max_counts AS (
    SELECT country, MAX(device_count) AS max_count
    FROM device_counts
    GROUP BY country
)
SELECT d.country, d.device_type, d.device_count
FROM device_counts d
JOIN max_counts m ON d.country = m.country AND d.device_count = m.max_count
ORDER BY d.country
"""
df = execute_sql_query(sql_query)
result = {'type': 'dataframe', 'value': df}



### QUERY
 Plot a bar chart showing the distribution of users per device type

At the end, declare "result" variable as a dictionary of type and value in the following format:

type (possible values "string", "number", "dataframe", "plot"). Examples: { "type": "string", "value": f"The highest salary is {highest_salary}." } or { "type": "number", "value": 125 } or { "type": "dataframe", "value": pd.DataFrame({...}) } or { "type": "plot", "value": "temp_chart.png" }



Generate python code and return full updated code:

### Note: Use only relevant table for query and do aggregation, sorting, joins and grouby through sql query
2025-10-29 15:39:02 [INFO] Code Generated:
import pandas as pd
import matplotlib.pyplot as plt

sql_query = """
SELECT device_type, COUNT(*) AS user_count
FROM table_359ae47edc2130b93b43d6a8a9ad5e3b
GROUP BY device_type
ORDER BY user_count DESC
"""
df = execute_sql_query(sql_query)

plt.figure(figsize=(8, 5))
plt.bar(df['device_type'], df['user_count'], color='skyblue')
plt.xlabel('Device Type')
plt.ylabel('Number of Users')
plt.title('Distribution of Users per Device Type')
plt.xticks(rotation=45)
plt.tight_layout()
plt.savefig('device_distribution.png')

result = {'type': 'plot', 'value': 'device_distribution.png'}
2025-10-29 15:39:02 [INFO] Validating code requirements...
2025-10-29 15:39:02 [INFO] Code validation successful.
2025-10-29 15:39:02 [INFO] Cleaning the generated code...
2025-10-29 15:39:02 [INFO] Executing code: import pandas as pd
import matplotlib.pyplot as plt
sql_query = """
SELECT device_type, COUNT(*) AS user_count
FROM table_359ae47edc2130b93b43d6a8a9ad5e3b
GROUP BY device_type
ORDER BY user_count DESC
"""
df = execute_sql_query(sql_query)
plt.figure(figsize=(8, 5))
plt.bar(df['device_type'], df['user_count'], color='skyblue')
plt.xlabel('Device Type')
plt.ylabel('Number of Users')
plt.title('Distribution of Users per Device Type')
plt.xticks(rotation=45)
plt.tight_layout()
plt.savefig('exports/charts/temp_chart_a5a845db-0902-4197-90e0-79a82e12ca68.png')
result = {'type': 'plot', 'value': 'exports/charts/temp_chart_a5a845db-0902-4197-90e0-79a82e12ca68.png'}
2025-10-29 15:39:02 [INFO] Response generated successfully.
2025-10-29 15:39:02 [INFO] Question: [Ask your question here]
2025-10-29 15:39:02 [INFO] Running PandasAI with litellm LLM...
2025-10-29 15:39:02 [INFO] Prompt ID: 58aa6a68-b2ab-4339-92a7-5cdf437a3ebf
2025-10-29 15:39:02 [INFO] Generating new code...
2025-10-29 15:39:02 [INFO] Using Prompt: <tables>

<table dialect="duckdb" table_name="table_359ae47edc2130b93b43d6a8a9ad5e3b" columns="[{"name": "user_id", "type": "integer", "description": null, "expression": null, "alias": null}, {"name": "signup_date", "type": "datetime", "description": null, "expression": null, "alias": null}, {"name": "country", "type": "string", "description": null, "expression": null, "alias": null}, {"name": "device_type", "type": "string", "description": null, "expression": null, "alias": null}]" dimensions="1000x4">
user_id,signup_date,country,device_type
1,2024-06-02,Rest,iOS
2,2024-03-20,India,Android
3,2023-09-17,EU,Web
4,2024-02-05,India,iOS
5,2025-06-08,India,Web
</table>


</tables>

The following functions have already been provided. Please use them as needed and do not redefine them.
<function>
def execute_sql_query(sql_query: str) -> pd.DataFrame
    """This method connects to the database, executes the sql query and returns the dataframe"""
</function>



Last code generated:
import pandas as pd
import matplotlib.pyplot as plt
sql_query = """
SELECT device_type, COUNT(*) AS user_count
FROM table_359ae47edc2130b93b43d6a8a9ad5e3b
GROUP BY device_type
ORDER BY user_count DESC
"""
df = execute_sql_query(sql_query)
plt.figure(figsize=(8, 5))
plt.bar(df['device_type'], df['user_count'], color='skyblue')
plt.xlabel('Device Type')
plt.ylabel('Number of Users')
plt.title('Distribution of Users per Device Type')
plt.xticks(rotation=45)
plt.tight_layout()
plt.savefig('exports/charts/temp_chart_a5a845db-0902-4197-90e0-79a82e12ca68.png')
result = {'type': 'plot', 'value': 'exports/charts/temp_chart_a5a845db-0902-4197-90e0-79a82e12ca68.png'}



### QUERY
 [Ask your question here]

At the end, declare "result" variable as a dictionary of type and value in the following format:

type (possible values "string", "number", "dataframe", "plot"). Examples: { "type": "string", "value": f"The highest salary is {highest_salary}." } or { "type": "number", "value": 125 } or { "type": "dataframe", "value": pd.DataFrame({...}) } or { "type": "plot", "value": "temp_chart.png" }



Generate python code and return full updated code:

### Note: Use only relevant table for query and do aggregation, sorting, joins and grouby through sql query
2025-10-29 15:39:06 [INFO] Code Generated:
import pandas as pd
import matplotlib.pyplot as plt

# Query to get count of users by country
sql_query = """
SELECT country, COUNT(*) AS user_count
FROM table_359ae47edc2130b93b43d6a8a9ad5e3b
GROUP BY country
ORDER BY user_count DESC
"""
df = execute_sql_query(sql_query)

plt.figure(figsize=(8, 5))
plt.bar(df['country'], df['user_count'], color='coral')
plt.xlabel('Country')
plt.ylabel('Number of Users')
plt.title('Distribution of Users per Country')
plt.xticks(rotation=45)
plt.tight_layout()
plt.savefig('exports/charts/temp_chart_country_distribution.png')

result = {'type': 'plot', 'value': 'exports/charts/temp_chart_country_distribution.png'}
2025-10-29 15:39:06 [INFO] Validating code requirements...
2025-10-29 15:39:06 [INFO] Code validation successful.
2025-10-29 15:39:06 [INFO] Cleaning the generated code...
2025-10-29 15:39:06 [INFO] Executing code: import pandas as pd
import matplotlib.pyplot as plt
sql_query = """
SELECT country, COUNT(*) AS user_count
FROM table_359ae47edc2130b93b43d6a8a9ad5e3b
GROUP BY country
ORDER BY user_count DESC
"""
df = execute_sql_query(sql_query)
plt.figure(figsize=(8, 5))
plt.bar(df['country'], df['user_count'], color='coral')
plt.xlabel('Country')
plt.ylabel('Number of Users')
plt.title('Distribution of Users per Country')
plt.xticks(rotation=45)
plt.tight_layout()
plt.savefig('exports/charts/temp_chart_e677346e-8cbb-4eea-88ff-b6caa3c5e853.png')
result = {'type': 'plot', 'value': 'exports/charts/temp_chart_e677346e-8cbb-4eea-88ff-b6caa3c5e853.png'}
2025-10-29 15:39:06 [INFO] Response generated successfully.
2025-10-29 15:39:06 [INFO] Question: What is the most popular device type per country?
2025-10-29 15:39:06 [INFO] Running PandasAI with litellm LLM...
2025-10-29 15:39:06 [INFO] Prompt ID: 8609bb61-5fbb-4c06-a6b4-12e17924fd62
2025-10-29 15:39:06 [INFO] Generating new code...
2025-10-29 15:39:09 [INFO] Using Prompt: <tables>

<table dialect="postgres" table_name="users" description="Users table from PostgreSQL database" dimensions="20000x0">
user_id,signup_date,country,device_type
1,2024-06-02,Rest,iOS
2,2024-03-20,India,Android
3,2023-09-17,EU,Web
4,2024-02-05,India,iOS
5,2025-06-08,India,Web
</table>


</tables>

The following functions have already been provided. Please use them as needed and do not redefine them.
<function>
def execute_sql_query(sql_query: str) -> pd.DataFrame
    """This method connects to the database, executes the sql query and returns the dataframe"""
</function>



Update this initial code:
```python
# TODO: import the required dependencies
import pandas as pd

# Write code here

# Declare result var: 
type (possible values "string", "number", "dataframe", "plot"). Examples: { "type": "string", "value": f"The highest salary is {highest_salary}." } or { "type": "number", "value": 125 } or { "type": "dataframe", "value": pd.DataFrame({...}) } or { "type": "plot", "value": "temp_chart.png" }

```



### QUERY
 What is the most popular device type per country?

At the end, declare "result" variable as a dictionary of type and value in the following format:

type (possible values "string", "number", "dataframe", "plot"). Examples: { "type": "string", "value": f"The highest salary is {highest_salary}." } or { "type": "number", "value": 125 } or { "type": "dataframe", "value": pd.DataFrame({...}) } or { "type": "plot", "value": "temp_chart.png" }



Generate python code and return full updated code:

### Note: Use only relevant table for query and do aggregation, sorting, joins and grouby through sql query
2025-10-29 15:39:11 [INFO] Code Generated:
# TODO: import the required dependencies
import pandas as pd

# Write code here
sql_query = """
SELECT country, device_type, COUNT(*) AS device_count
FROM users
GROUP BY country, device_type
ORDER BY country, device_count DESC
"""

df = execute_sql_query(sql_query)

# Now pick the top device per country
df_top_devices = df.groupby('country').first().reset_index()

# Declare result var: 
result = { "type": "dataframe", "value": df_top_devices }
2025-10-29 15:39:11 [INFO] Validating code requirements...
2025-10-29 15:39:11 [INFO] Code validation successful.
2025-10-29 15:39:11 [INFO] Cleaning the generated code...
2025-10-29 15:39:11 [INFO] Executing code: import pandas as pd
sql_query = """
SELECT country, device_type, COUNT(*) AS device_count
FROM users
GROUP BY country, device_type
ORDER BY country, device_count DESC
"""
df = execute_sql_query(sql_query)
df_top_devices = df.groupby('country').first().reset_index()
result = {'type': 'dataframe', 'value': df_top_devices}
2025-10-29 15:39:13 [INFO] Response generated successfully.
